<?xml version="1.0" encoding="UTF-8"?>
<!-- Generated by org.testng.reporters.JUnitXMLReporter -->
<testsuite hostname="DESKTOP-F2LTFAU" ignored="3" name="Smoke Test" tests="1" failures="0" timestamp="2020-09-13T16:49:09 ALMT" time="15.807" errors="0">
  <testcase name="validLogin" time="3.227" classname="com.hrms.testcases.LoginTest"/>
  <testcase name="addEmployee" time="0.0" classname="com.hrms.testcases.AddEmployeeTest">
    <ignored/>
  </testcase> <!-- addEmployee -->
  <testcase name="invalidLogin" time="0.0" classname="com.hrms.testcases.LoginTest">
    <ignored/>
  </testcase> <!-- invalidLogin -->
  <testcase name="addMultipleEmployees" time="0.0" classname="com.hrms.testcases.AddEmployeeTest">
    <ignored/>
  </testcase> <!-- addMultipleEmployees -->
</testsuite> <!-- Smoke Test -->
